Arguments: 
  D:\Node\node.exe C:\Users\Lenovo\AppData\Roaming\npm\node_modules\yarn\bin\yarn.js add react react-dom

PATH: 
  C:\WINDOWS\system32;C:\WINDOWS;C:\WINDOWS\System32\Wbem;C:\WINDOWS\System32\WindowsPowerShell\v1.0\;D:\git\Git\cmd;D:\Node;C:\Users\Lenovo\AppData\Local\Microsoft\WindowsApps;;C:\Users\Lenovo\AppData\Local\Programs\Microsoft VS Code\bin;C:\Users\Lenovo\AppData\Roaming\npm

Yarn version: 
  1.16.0

Node version: 
  11.10.1

Platform: 
  win32 x64

Trace: 
  Error: EBUSY: resource busy or locked, copyfile 'C:\Users\Lenovo\AppData\Local\Yarn\Cache\v4\npm-type-1.0.1-084c9a17fcc9151a2cdb1459905c2e45e4bb7d61\node_modules\type\lib\resolve-exception.js' -> 'D:\fanlingzi\js_fullStack\react\00 BoilerPlate\node_modules\type\lib\resolve-exception.js'

npm manifest: 
  {
    "name": "reactboilerplate",
    "version": "1.0.0",
    "description": "sample working with React, Typescript and Webpack",
    "main": "index.js",
    "scripts": {
      "test": "echo \"Error: no test specified\" && exit 1",
      "start": "webpack-dev-server  --mode development --inline --hot --open",
      "build": "webpack  --mode development"
    },
    "author": "",
    "license": "ISC",
    "devDependencies": {
      "awesome-typescript-loader": "^5.0.0",
      "babel-core": "^6.26.3",
      "babel-preset-env": "^1.7.0",
      "css-loader": "^0.28.11",
      "file-loader": "^1.1.11",
      "html-webpack-plugin": "^3.2.0",
      "mini-css-extract-plugin": "^0.4.0",
      "style-loader": "^0.21.0",
      "typescript": "^2.8.3",
      "url-loader": "^1.0.1",
      "webpack": "^4.8.1",
      "webpack-cli": "3.2.3",
      "webpack-dev-server": "^3.1.4"
    },
    "dependencies": {
      "bootstrap": "^4.1.1"
    }
  }

yarn manifest: 
  No manifest

Lockfile: 
  No lockfile
